<?xml version='1.0'?>
<ns2:test-suite xmlns:ns2='urn:model.allure.qatools.yandex.ru' start='1652294765908' stop='1652294765914'>
    <name>Greeting: Say hello</name>
    <title>Greeting: Say hello</title>
    <test-cases>
        <test-case start='1652294765909' status='passed' stop='1652294765911'>
            <name></name>
            <title></title>
            <labels>
                <label name='language' value='javascript'/>
                <label name='framework' value='wdio'/>
                <label name='thread' value='0-0'/>
            </labels>
            <parameters>
                <parameter kind='argument' name='browser' value='chrome-101.0.4951.64'/>
            </parameters>
            <steps/>
            <attachments/>
        </test-case>
        <test-case start='1652294765911' status='broken' stop='1652294765913'>
            <name>When the greeter says hello</name>
            <title>When the greeter says hello</title>
            <labels>
                <label name='language' value='javascript'/>
                <label name='framework' value='wdio'/>
                <label name='thread' value='0-0'/>
            </labels>
            <parameters>
                <parameter kind='argument' name='browser' value='chrome-101.0.4951.64'/>
            </parameters>
            <steps/>
            <attachments/>
            <failure>
                <message>Step "the greeter says hello" is not defined. You can ignore this error by setting cucumberOpts.ignoreUndefinedDefinitions as true.</message>
                <stack-trace>Step "the greeter says hello" is not defined. You can ignore this error by setting cucumberOpts.ignoreUndefinedDefinitions as true.
                	at Feature(C:\Users\WilliamMazerolle\Documents\GitHub\selenium-framework-javascript\features\greeting.feature):1:1
                	at Scenario(Say hello):3:3
                	at Step(the greeter says hello):4:5
                </stack-trace>
            </failure>
        </test-case>
        <test-case start='1652294765913' status='broken' stop='1652294765913'>
            <name>Then I should have heard "hello"</name>
            <title>Then I should have heard "hello"</title>
            <labels>
                <label name='language' value='javascript'/>
                <label name='framework' value='wdio'/>
                <label name='thread' value='0-0'/>
            </labels>
            <parameters>
                <parameter kind='argument' name='browser' value='chrome-101.0.4951.64'/>
            </parameters>
            <steps/>
            <attachments/>
            <failure>
                <message>Step "I should have heard "hello"" is not defined. You can ignore this error by setting cucumberOpts.ignoreUndefinedDefinitions as true.</message>
                <stack-trace>Step "I should have heard "hello"" is not defined. You can ignore this error by setting cucumberOpts.ignoreUndefinedDefinitions as true.
                	at Feature(C:\Users\WilliamMazerolle\Documents\GitHub\selenium-framework-javascript\features\greeting.feature):1:1
                	at Scenario(Say hello):3:3
                	at Step(I should have heard "hello"):5:5
                </stack-trace>
            </failure>
        </test-case>
        <test-case start='1652294765913' status='passed' stop='1652294765913'>
            <name></name>
            <title></title>
            <labels>
                <label name='language' value='javascript'/>
                <label name='framework' value='wdio'/>
                <label name='thread' value='0-0'/>
            </labels>
            <parameters>
                <parameter kind='argument' name='browser' value='chrome-101.0.4951.64'/>
            </parameters>
            <steps/>
            <attachments/>
        </test-case>
    </test-cases>
</ns2:test-suite>